ERROR - 2018-09-26 10:03:47 --> 404 Page Not Found: Img/favicon.png
ERROR - 2018-09-26 11:38:21 --> 404 Page Not Found: Img/favicon.png
ERROR - 2018-09-26 11:39:24 --> 404 Page Not Found: Img/favicon.png
ERROR - 2018-09-26 11:43:38 --> 404 Page Not Found: Img/favicon.png
ERROR - 2018-09-26 11:45:34 --> 404 Page Not Found: Img/favicon.png
ERROR - 2018-09-26 12:18:44 --> 404 Page Not Found: Img/favicon.png
ERROR - 2018-09-26 12:19:55 --> 404 Page Not Found: Img/favicon.png
ERROR - 2018-09-26 12:20:17 --> 404 Page Not Found: Img/favicon.png
ERROR - 2018-09-26 12:23:01 --> 404 Page Not Found: Img/favicon.png
ERROR - 2018-09-26 12:25:24 --> 404 Page Not Found: Img/favicon.png
ERROR - 2018-09-26 14:30:13 --> Severity: Notice --> Undefined variable: response /var/www/html/watervale/application/controllers/OrderController.php 485
ERROR - 2018-09-26 14:39:41 --> 404 Page Not Found: Img/favicon.png
ERROR - 2018-09-26 15:07:58 --> 404 Page Not Found: Img/favicon.png
ERROR - 2018-09-26 15:08:56 --> 404 Page Not Found: Img/favicon.png
ERROR - 2018-09-26 15:09:17 --> 404 Page Not Found: Img/favicon.png
ERROR - 2018-09-26 15:09:26 --> 404 Page Not Found: Img/favicon.png
ERROR - 2018-09-26 15:14:20 --> 404 Page Not Found: Img/favicon.png
ERROR - 2018-09-26 15:14:41 --> 404 Page Not Found: Img/favicon.png
ERROR - 2018-09-26 15:15:35 --> 404 Page Not Found: Img/favicon.png
ERROR - 2018-09-26 15:16:59 --> 404 Page Not Found: Img/favicon.png
ERROR - 2018-09-26 15:27:54 --> 404 Page Not Found: Img/favicon.png
ERROR - 2018-09-26 15:27:57 --> 404 Page Not Found: Img/favicon.png
ERROR - 2018-09-26 15:34:41 --> Severity: error --> Exception: Call to undefined function empy() /var/www/html/watervale/application/controllers/OrderController.php 467
ERROR - 2018-09-26 15:35:40 --> Severity: error --> Exception: Call to undefined function empy() /var/www/html/watervale/application/controllers/OrderController.php 467
ERROR - 2018-09-26 16:17:42 --> Severity: error --> Exception: syntax error, unexpected 'endforeach' (T_ENDFOREACH) /var/www/html/watervale/application/views/orders/dispatch/toLoad.php 241
ERROR - 2018-09-26 16:17:54 --> Severity: error --> Exception: syntax error, unexpected 'endforeach' (T_ENDFOREACH) /var/www/html/watervale/application/views/orders/dispatch/toLoad.php 241
ERROR - 2018-09-26 16:18:43 --> Severity: error --> Exception: syntax error, unexpected 'endforeach' (T_ENDFOREACH) /var/www/html/watervale/application/views/orders/dispatch/toLoad.php 240
ERROR - 2018-09-26 16:22:20 --> Severity: Notice --> Undefined property: stdClass::$userName /var/www/html/watervale/application/views/items/index.php 92
ERROR - 2018-09-26 16:22:20 --> Severity: Notice --> Undefined property: stdClass::$userName /var/www/html/watervale/application/views/items/index.php 92
ERROR - 2018-09-26 16:22:20 --> Severity: Notice --> Undefined property: stdClass::$userName /var/www/html/watervale/application/views/items/index.php 92
ERROR - 2018-09-26 16:27:30 --> Severity: Notice --> Undefined property: stdClass::$userName /var/www/html/watervale/application/views/items/index.php 92
ERROR - 2018-09-26 16:27:30 --> Severity: Notice --> Undefined property: stdClass::$userName /var/www/html/watervale/application/views/items/index.php 92
ERROR - 2018-09-26 16:27:30 --> Severity: Notice --> Undefined property: stdClass::$userName /var/www/html/watervale/application/views/items/index.php 92
ERROR - 2018-09-26 16:27:48 --> Severity: Notice --> Undefined property: stdClass::$userName /var/www/html/watervale/application/views/items/index.php 92
ERROR - 2018-09-26 16:27:48 --> Severity: Notice --> Undefined property: stdClass::$userName /var/www/html/watervale/application/views/items/index.php 92
ERROR - 2018-09-26 16:27:48 --> Severity: Notice --> Undefined property: stdClass::$userName /var/www/html/watervale/application/views/items/index.php 92
ERROR - 2018-09-26 16:28:03 --> Severity: Notice --> Undefined property: stdClass::$userName /var/www/html/watervale/application/views/items/index.php 92
ERROR - 2018-09-26 16:28:03 --> Severity: Notice --> Undefined property: stdClass::$userName /var/www/html/watervale/application/views/items/index.php 92
ERROR - 2018-09-26 16:28:03 --> Severity: Notice --> Undefined property: stdClass::$userName /var/www/html/watervale/application/views/items/index.php 92
ERROR - 2018-09-26 16:28:20 --> Severity: Notice --> Undefined property: stdClass::$userName /var/www/html/watervale/application/views/items/index.php 92
ERROR - 2018-09-26 16:28:20 --> Severity: Notice --> Undefined property: stdClass::$userName /var/www/html/watervale/application/views/items/index.php 92
ERROR - 2018-09-26 16:28:20 --> Severity: Notice --> Undefined property: stdClass::$userName /var/www/html/watervale/application/views/items/index.php 92
ERROR - 2018-09-26 16:28:25 --> Severity: Notice --> Undefined property: stdClass::$userName /var/www/html/watervale/application/views/items/index.php 92
ERROR - 2018-09-26 16:28:25 --> Severity: Notice --> Undefined property: stdClass::$userName /var/www/html/watervale/application/views/items/index.php 92
ERROR - 2018-09-26 16:28:25 --> Severity: Notice --> Undefined property: stdClass::$userName /var/www/html/watervale/application/views/items/index.php 92
ERROR - 2018-09-26 16:30:18 --> Severity: Notice --> Undefined property: stdClass::$userName /var/www/html/watervale/application/views/items/index.php 92
ERROR - 2018-09-26 16:30:18 --> Severity: Notice --> Undefined property: stdClass::$userName /var/www/html/watervale/application/views/items/index.php 92
ERROR - 2018-09-26 16:30:18 --> Severity: Notice --> Undefined property: stdClass::$userName /var/www/html/watervale/application/views/items/index.php 92
ERROR - 2018-09-26 16:30:30 --> Severity: Notice --> Undefined property: stdClass::$userName /var/www/html/watervale/application/views/items/index.php 92
ERROR - 2018-09-26 16:30:30 --> Severity: Notice --> Undefined property: stdClass::$userName /var/www/html/watervale/application/views/items/index.php 92
ERROR - 2018-09-26 16:30:30 --> Severity: Notice --> Undefined property: stdClass::$userName /var/www/html/watervale/application/views/items/index.php 92
ERROR - 2018-09-26 16:30:31 --> 404 Page Not Found: Img/favicon.png
ERROR - 2018-09-26 16:31:06 --> Severity: Notice --> Undefined property: stdClass::$userName /var/www/html/watervale/application/views/items/index.php 92
ERROR - 2018-09-26 16:31:06 --> Severity: Notice --> Undefined property: stdClass::$userName /var/www/html/watervale/application/views/items/index.php 92
ERROR - 2018-09-26 16:31:06 --> Severity: Notice --> Undefined property: stdClass::$userName /var/www/html/watervale/application/views/items/index.php 92
ERROR - 2018-09-26 16:31:07 --> 404 Page Not Found: Img/favicon.png
ERROR - 2018-09-26 16:35:50 --> 404 Page Not Found: Update-user/img
ERROR - 2018-09-26 16:43:47 --> Severity: Notice --> Undefined property: stdClass::$userName /var/www/html/watervale/application/views/items/index.php 92
ERROR - 2018-09-26 16:43:47 --> Severity: Notice --> Undefined property: stdClass::$userName /var/www/html/watervale/application/views/items/index.php 92
ERROR - 2018-09-26 16:43:47 --> Severity: Notice --> Undefined property: stdClass::$userName /var/www/html/watervale/application/views/items/index.php 92
ERROR - 2018-09-26 16:51:09 --> Severity: Notice --> Undefined property: stdClass::$orderRefId /var/www/html/watervale/application/views/orders/production/index.php 87
ERROR - 2018-09-26 16:51:09 --> Severity: Notice --> Undefined property: stdClass::$orderRefId /var/www/html/watervale/application/views/orders/production/index.php 87
ERROR - 2018-09-26 16:51:09 --> Severity: Notice --> Undefined property: stdClass::$orderRefId /var/www/html/watervale/application/views/orders/production/index.php 87
ERROR - 2018-09-26 16:51:09 --> Severity: Notice --> Undefined property: stdClass::$orderRefId /var/www/html/watervale/application/views/orders/production/index.php 87
ERROR - 2018-09-26 16:51:26 --> Severity: Notice --> Undefined property: stdClass::$orderRefId /var/www/html/watervale/application/views/orders/production/index.php 87
ERROR - 2018-09-26 16:51:26 --> Severity: Notice --> Undefined property: stdClass::$orderRefId /var/www/html/watervale/application/views/orders/production/index.php 87
ERROR - 2018-09-26 16:51:26 --> Severity: Notice --> Undefined property: stdClass::$orderRefId /var/www/html/watervale/application/views/orders/production/index.php 87
ERROR - 2018-09-26 16:51:26 --> Severity: Notice --> Undefined property: stdClass::$orderRefId /var/www/html/watervale/application/views/orders/production/index.php 87
ERROR - 2018-09-26 16:51:29 --> Severity: Notice --> Undefined property: stdClass::$orderRefId /var/www/html/watervale/application/views/orders/production/index.php 87
ERROR - 2018-09-26 16:51:29 --> Severity: Notice --> Undefined property: stdClass::$orderRefId /var/www/html/watervale/application/views/orders/production/index.php 87
ERROR - 2018-09-26 16:51:29 --> Severity: Notice --> Undefined property: stdClass::$orderRefId /var/www/html/watervale/application/views/orders/production/index.php 87
ERROR - 2018-09-26 16:51:29 --> Severity: Notice --> Undefined property: stdClass::$orderRefId /var/www/html/watervale/application/views/orders/production/index.php 87
ERROR - 2018-09-26 16:53:01 --> Severity: Notice --> Undefined property: stdClass::$orderRefId /var/www/html/watervale/application/views/orders/production/index.php 87
ERROR - 2018-09-26 16:53:01 --> Severity: Notice --> Undefined property: stdClass::$orderRefId /var/www/html/watervale/application/views/orders/production/index.php 87
ERROR - 2018-09-26 16:53:01 --> Severity: Notice --> Undefined property: stdClass::$orderRefId /var/www/html/watervale/application/views/orders/production/index.php 87
ERROR - 2018-09-26 16:53:01 --> Severity: Notice --> Undefined property: stdClass::$orderRefId /var/www/html/watervale/application/views/orders/production/index.php 87
ERROR - 2018-09-26 16:53:18 --> Severity: Notice --> Undefined property: stdClass::$orderRefId /var/www/html/watervale/application/views/orders/production/index.php 87
ERROR - 2018-09-26 16:53:18 --> Severity: Notice --> Undefined property: stdClass::$orderRefId /var/www/html/watervale/application/views/orders/production/index.php 87
ERROR - 2018-09-26 16:53:18 --> Severity: Notice --> Undefined property: stdClass::$orderRefId /var/www/html/watervale/application/views/orders/production/index.php 87
ERROR - 2018-09-26 16:53:18 --> Severity: Notice --> Undefined property: stdClass::$orderRefId /var/www/html/watervale/application/views/orders/production/index.php 87
ERROR - 2018-09-26 17:00:21 --> 404 Page Not Found: Update-customer/img
ERROR - 2018-09-26 17:00:24 --> Severity: Notice --> Undefined property: stdClass::$userName /var/www/html/watervale/application/views/items/index.php 92
ERROR - 2018-09-26 17:00:24 --> Severity: Notice --> Undefined property: stdClass::$userName /var/www/html/watervale/application/views/items/index.php 92
ERROR - 2018-09-26 17:00:24 --> Severity: Notice --> Undefined property: stdClass::$userName /var/www/html/watervale/application/views/items/index.php 92
ERROR - 2018-09-26 17:01:45 --> Severity: Warning --> print_r() expects at least 1 parameter, 0 given /var/www/html/watervale/application/views/orders/production/index.php 92
ERROR - 2018-09-26 17:01:45 --> Severity: Warning --> print_r() expects at least 1 parameter, 0 given /var/www/html/watervale/application/views/orders/production/index.php 92
ERROR - 2018-09-26 17:01:45 --> Severity: Warning --> print_r() expects at least 1 parameter, 0 given /var/www/html/watervale/application/views/orders/production/index.php 92
ERROR - 2018-09-26 17:01:45 --> Severity: Warning --> print_r() expects at least 1 parameter, 0 given /var/www/html/watervale/application/views/orders/production/index.php 92
ERROR - 2018-09-26 17:01:45 --> Severity: Warning --> print_r() expects at least 1 parameter, 0 given /var/www/html/watervale/application/views/orders/production/index.php 92
ERROR - 2018-09-26 17:01:45 --> Severity: Warning --> print_r() expects at least 1 parameter, 0 given /var/www/html/watervale/application/views/orders/production/index.php 92
ERROR - 2018-09-26 17:01:45 --> Severity: Warning --> print_r() expects at least 1 parameter, 0 given /var/www/html/watervale/application/views/orders/production/index.php 92
ERROR - 2018-09-26 17:01:45 --> Severity: Warning --> print_r() expects at least 1 parameter, 0 given /var/www/html/watervale/application/views/orders/production/index.php 92
ERROR - 2018-09-26 17:01:45 --> Severity: Warning --> print_r() expects at least 1 parameter, 0 given /var/www/html/watervale/application/views/orders/production/index.php 92
ERROR - 2018-09-26 17:01:45 --> Severity: Warning --> print_r() expects at least 1 parameter, 0 given /var/www/html/watervale/application/views/orders/production/index.php 92
ERROR - 2018-09-26 17:40:37 --> Severity: Notice --> Undefined property: stdClass::$userName /var/www/html/watervale/application/views/items/index.php 92
ERROR - 2018-09-26 17:40:37 --> Severity: Notice --> Undefined property: stdClass::$userName /var/www/html/watervale/application/views/items/index.php 92
ERROR - 2018-09-26 17:40:37 --> Severity: Notice --> Undefined property: stdClass::$userName /var/www/html/watervale/application/views/items/index.php 92
ERROR - 2018-09-26 18:31:51 --> 404 Page Not Found: Img/favicon.png
ERROR - 2018-09-26 18:35:39 --> 404 Page Not Found: Img/favicon.png
ERROR - 2018-09-26 18:35:55 --> 404 Page Not Found: Img/favicon.png
ERROR - 2018-09-26 18:51:22 --> 404 Page Not Found: Update-user/img
